<?xml version="1.0" encoding="UTF-8"?>
<testng-results ignored="0" total="3" passed="3" failed="0" skipped="0">
  <reporter-output>
  </reporter-output>
  <suite started-at="2023-04-29T18:36:49 IST" name="Default suite" finished-at="2023-04-29T18:37:43 IST" duration-ms="53472">
    <groups>
      <group name="cucumber">
        <method signature="AbstractTestNGCucumberTests.runScenario(io.cucumber.testng.PickleWrapper,io.cucumber.testng.FeatureWrapper)[pri:0, instance:testRunner.Run@338c99c8]" name="runScenario" class="io.cucumber.testng.AbstractTestNGCucumberTests"/>
      </group> <!-- cucumber -->
    </groups>
    <test started-at="2023-04-29T18:36:49 IST" name="Default test" finished-at="2023-04-29T18:37:43 IST" duration-ms="53472">
      <class name="testRunner.Run">
        <test-method is-config="true" signature="setUpClass(org.testng.ITestContext)[pri:0, instance:testRunner.Run@338c99c8]" started-at="2023-04-29T18:36:49 IST" name="setUpClass" finished-at="2023-04-29T18:36:50 IST" duration-ms="765" status="PASS">
          <params>
            <param index="0">
              <value>
                <![CDATA[org.testng.TestRunner@1132baa3]]>
              </value>
            </param>
          </params>
          <reporter-output>
          </reporter-output>
        </test-method> <!-- setUpClass -->
        <test-method signature="runScenario(io.cucumber.testng.PickleWrapper,io.cucumber.testng.FeatureWrapper)[pri:0, instance:testRunner.Run@338c99c8]" started-at="2023-04-29T18:36:50 IST" name="runScenario" description="Runs Cucumber Scenarios" data-provider="scenarios" finished-at="2023-04-29T18:37:10 IST" duration-ms="20380" status="PASS">
          <params>
            <param index="0">
              <value>
                <![CDATA["Add an item to wishlist"]]>
              </value>
            </param>
            <param index="1">
              <value>
                <![CDATA["Add/Remove item to wishlist"]]>
              </value>
            </param>
          </params>
          <reporter-output>
          </reporter-output>
        </test-method> <!-- runScenario -->
        <test-method signature="runScenario(io.cucumber.testng.PickleWrapper,io.cucumber.testng.FeatureWrapper)[pri:0, instance:testRunner.Run@338c99c8]" started-at="2023-04-29T18:37:10 IST" name="runScenario" description="Runs Cucumber Scenarios" data-provider="scenarios" finished-at="2023-04-29T18:37:30 IST" duration-ms="19587" status="PASS">
          <params>
            <param index="0">
              <value>
                <![CDATA["Add an item to wishlist"]]>
              </value>
            </param>
            <param index="1">
              <value>
                <![CDATA["Add/Remove item to wishlist"]]>
              </value>
            </param>
          </params>
          <reporter-output>
          </reporter-output>
        </test-method> <!-- runScenario -->
        <test-method signature="runScenario(io.cucumber.testng.PickleWrapper,io.cucumber.testng.FeatureWrapper)[pri:0, instance:testRunner.Run@338c99c8]" started-at="2023-04-29T18:37:30 IST" name="runScenario" description="Runs Cucumber Scenarios" data-provider="scenarios" finished-at="2023-04-29T18:37:43 IST" duration-ms="12617" status="PASS">
          <params>
            <param index="0">
              <value>
                <![CDATA["Clear wishlist"]]>
              </value>
            </param>
            <param index="1">
              <value>
                <![CDATA["Add/Remove item to wishlist"]]>
              </value>
            </param>
          </params>
          <reporter-output>
          </reporter-output>
        </test-method> <!-- runScenario -->
        <test-method is-config="true" signature="tearDownClass()[pri:0, instance:testRunner.Run@338c99c8]" started-at="2023-04-29T18:37:43 IST" name="tearDownClass" finished-at="2023-04-29T18:37:43 IST" duration-ms="46" status="PASS">
          <reporter-output>
          </reporter-output>
        </test-method> <!-- tearDownClass -->
      </class> <!-- testRunner.Run -->
    </test> <!-- Default test -->
  </suite> <!-- Default suite -->
</testng-results>
